[2023-05-29 01:52:14] START
[2023-05-29 01:52:14] EDIT welcome/controllers/default.py: 0
[2023-05-29 15:19:45] EDIT welcome/controllers/default.py: 0
[2023-11-19 23:02:30] EDIT ServiFlow/controllers/default.py: -1
[2023-11-19 23:03:11] CREATE pagina_inicial.html: 0
[2023-11-19 23:03:19] EDIT ServiFlow/views/pagina_inicial.html: 212
[2023-11-19 23:03:32] EDIT ServiFlow/views/default/index.html: -45
[2023-11-19 23:04:00] CREATE css/styles.css: 0
[2023-11-19 23:04:16] EDIT ServiFlow/static/css/styles.css: 9635
[2023-11-19 23:04:43] CREATE acs_empresa.py: 0
[2023-11-19 23:05:01] EDIT ServiFlow/models/db.py: 39
[2023-11-19 23:05:18] EDIT ServiFlow/controllers/acs_empresa.py: 106
[2023-11-19 23:07:08] EDIT ServiFlow/views/default/user.html: 0
[2023-11-19 23:09:07] EDIT ServiFlow/views/generic.html: 20
[2023-11-19 23:09:29] EDIT ServiFlow/models/menu.py: -94
[2023-11-19 23:09:53] CREATE acs_empresa/index.html: 0
[2023-11-19 23:10:15] EDIT ServiFlow/views/layout.html: 3
[2023-11-19 23:17:25] EDIT ServiFlow/views/acs_empresa/index.html: 73
[2023-11-19 23:20:05] EDIT ServiFlow/models/menu.py: 16
[2023-11-19 23:20:39] EDIT ServiFlow/views/acs_empresa/index.html: 0
[2023-11-19 23:21:30] EDIT ServiFlow/views/acs_empresa/index.html: 0
[2023-11-19 23:21:42] EDIT ServiFlow/views/acs_empresa/index.html: 0
[2023-11-19 23:21:51] EDIT ServiFlow/views/acs_empresa/index.html: 0
[2023-11-19 23:22:06] EDIT ServiFlow/views/acs_empresa/index.html: 0
[2023-11-19 23:22:19] EDIT ServiFlow/views/acs_empresa/index.html: 0
[2023-11-19 23:24:05] EDIT ServiFlow/views/acs_empresa/index.html: 0
[2023-11-19 23:24:36] EDIT ServiFlow/views/acs_empresa/index.html: 0
[2023-11-19 23:25:43] EDIT ServiFlow/views/acs_empresa/index.html: 0
[2023-11-19 23:26:07] EDIT ServiFlow/views/acs_empresa/index.html: 0
[2023-11-19 23:26:16] EDIT ServiFlow/views/acs_empresa/index.html: 0
[2023-11-19 23:26:21] EDIT ServiFlow/views/acs_empresa/index.html: 0
[2023-11-19 23:27:48] EDIT ServiFlow/views/acs_empresa/index.html: -21
[2023-11-19 23:27:54] EDIT ServiFlow/views/acs_empresa/index.html: 20
[2023-11-19 23:36:32] EDIT ServiFlow/models/menu.py: 8
[2023-11-19 23:36:55] EDIT ServiFlow/models/menu.py: 0
[2023-11-19 23:42:43] CREATE acs_usuario.py: 0
[2023-11-19 23:42:55] EDIT ServiFlow/controllers/acs_usuario.py: 95
[2023-11-19 23:43:25] CREATE acs_usuario/index.html: 0
[2023-11-19 23:45:13] EDIT ServiFlow/views/acs_usuario/index.html: 115
[2023-11-19 23:45:48] CREATE paginacao.html: 0
[2023-11-19 23:45:55] EDIT ServiFlow/views/paginacao.html: 18
[2023-11-19 23:46:19] EDIT ServiFlow/views/acs_usuario/index.html: 0
[2023-11-19 23:47:20] EDIT ServiFlow/views/acs_usuario/index.html: 0
[2023-11-19 23:51:35] EDIT ServiFlow/controllers/acs_usuario.py: 57
[2023-11-20 00:14:41] CREATE acs_servico.py: 0
[2023-11-20 00:14:53] CREATE acs_servico/index.html: 0
[2023-11-20 00:16:37] CREATE db1.py: 0
[2023-11-20 00:21:06] EDIT ServiFlow/models/db1.py: 10
[2023-11-20 00:21:13] EDIT ServiFlow/models/db1.py: 0
[2023-11-20 00:21:21] EDIT ServiFlow/models/db1.py: 0
[2023-11-20 00:22:48] EDIT ServiFlow/controllers/acs_servico.py: 79
[2023-11-20 00:23:06] EDIT ServiFlow/models/db1.py: 1
[2023-11-20 00:24:30] EDIT ServiFlow/views/acs_servico/index.html: 110
[2023-11-20 00:25:53] EDIT ServiFlow/views/acs_servico/index.html: 0
[2023-11-20 00:26:13] EDIT ServiFlow/views/acs_servico/index.html: 0
[2023-11-20 00:26:27] EDIT ServiFlow/views/acs_servico/index.html: 0
[2023-11-20 00:30:21] EDIT ServiFlow/controllers/acs_servico.py: 51
[2023-11-20 00:32:35] EDIT ServiFlow/views/acs_servico/index.html: 0
[2023-11-20 01:08:04] EDIT ServiFlow/models/db1.py: 18
[2023-11-20 01:09:44] EDIT ServiFlow/models/db1.py: 13
[2023-11-20 01:09:58] CREATE acs_registro.py: 0
[2023-11-20 01:11:06] EDIT ServiFlow/models/menu.py: 1
[2023-11-20 01:11:58] CREATE acs_cliente.py: 0
[2023-11-20 01:12:05] EDIT ServiFlow/controllers/acs_cliente.py: 130
[2023-11-20 01:12:41] EDIT ServiFlow/controllers/acs_registro.py: 130
[2023-11-20 01:12:43] EDIT ServiFlow/controllers/acs_cliente.py: 0
[2023-11-20 01:13:00] CREATE acs_cliente/index.html: 0
[2023-11-20 01:13:10] EDIT ServiFlow/views/acs_cliente/index.html: 110
[2023-11-20 01:15:09] CREATE dicionarios.py: 0
[2023-11-20 01:15:35] EDIT ServiFlow/models/dicionarios.py: 1
[2023-11-20 01:15:57] EDIT ServiFlow/models/db1.py: 1
[2023-11-20 01:16:46] EDIT ServiFlow/models/dicionarios.py: 2
[2023-11-20 01:17:10] EDIT ServiFlow/models/db1.py: 1
[2023-11-20 01:17:28] CREATE _dicionarios.py: 0
[2023-11-20 01:17:38] EDIT ServiFlow/models/_dicionarios.py: 3
[2023-11-20 01:17:58] EDIT ServiFlow/models/db1.py: 0
[2023-11-20 01:19:06] EDIT ServiFlow/views/acs_cliente/index.html: -1
[2023-11-20 01:19:21] EDIT ServiFlow/views/acs_cliente/index.html: 1
[2023-11-20 01:19:40] EDIT ServiFlow/views/acs_cliente/index.html: 1
[2023-11-20 01:20:41] EDIT ServiFlow/models/db1.py: 0
[2023-11-20 01:21:09] EDIT ServiFlow/controllers/acs_registro.py: 0
[2023-11-20 01:21:21] EDIT ServiFlow/controllers/acs_registro.py: 0
[2023-11-20 01:21:33] CREATE acs_registro/index.html: 0
[2023-11-20 01:21:40] EDIT ServiFlow/views/acs_registro/index.html: 111
[2023-11-20 01:21:50] EDIT ServiFlow/views/acs_registro/index.html: 0
[2023-11-20 01:22:28] EDIT ServiFlow/models/db1.py: 0
[2023-11-20 01:22:40] EDIT ServiFlow/models/db1.py: 0
[2023-11-20 01:24:24] EDIT ServiFlow/controllers/acs_registro.py: 3
[2023-11-20 01:25:43] EDIT ServiFlow/views/acs_registro/index.html: 5
[2023-11-20 01:26:52] EDIT ServiFlow/controllers/acs_registro.py: 3
[2023-11-20 01:27:17] EDIT ServiFlow/views/acs_registro/index.html: 0
[2023-11-20 01:27:58] EDIT ServiFlow/views/acs_registro/index.html: 0
[2023-11-20 01:28:32] EDIT ServiFlow/controllers/acs_registro.py: 0
[2023-11-20 01:28:43] EDIT ServiFlow/controllers/acs_registro.py: 0
[2023-11-20 01:28:48] EDIT ServiFlow/controllers/acs_registro.py: 0
[2023-11-20 01:28:58] EDIT ServiFlow/models/db1.py: 0
[2023-11-20 01:29:36] EDIT ServiFlow/controllers/acs_registro.py: 1
[2023-11-20 01:29:52] EDIT ServiFlow/controllers/acs_registro.py: 1
[2023-11-20 01:30:21] EDIT ServiFlow/models/db1.py: 0
[2023-11-20 01:30:48] EDIT ServiFlow/controllers/acs_registro.py: 3
[2023-11-20 01:31:17] EDIT ServiFlow/controllers/acs_registro.py: 0
[2023-11-20 01:32:09] EDIT ServiFlow/models/db1.py: 0
[2023-11-20 01:32:44] EDIT ServiFlow/views/acs_registro/index.html: 0
[2023-11-20 01:33:18] EDIT ServiFlow/views/acs_registro/index.html: 0
[2023-11-20 01:33:29] EDIT ServiFlow/views/acs_registro/index.html: 0
[2023-11-20 01:34:28] EDIT ServiFlow/views/acs_registro/index.html: 0
[2023-11-20 01:34:49] EDIT ServiFlow/views/acs_registro/index.html: 7
[2023-11-20 01:35:04] EDIT ServiFlow/views/acs_registro/index.html: 0
[2023-11-20 01:35:44] EDIT ServiFlow/views/acs_registro/index.html: 0
[2023-11-20 01:36:06] EDIT ServiFlow/models/db1.py: 0
[2023-11-20 01:36:34] EDIT ServiFlow/views/acs_registro/index.html: 0
[2023-11-20 01:36:40] EDIT ServiFlow/views/acs_registro/index.html: 0
[2023-11-20 01:37:47] EDIT ServiFlow/models/db1.py: 0
[2023-11-20 01:37:55] EDIT ServiFlow/controllers/acs_registro.py: 4
[2023-11-20 01:38:36] EDIT ServiFlow/controllers/acs_registro.py: 2
[2023-11-20 01:40:25] EDIT ServiFlow/views/acs_registro/index.html: 0
[2023-11-20 01:40:58] EDIT ServiFlow/models/db1.py: 0
[2023-11-20 01:43:44] EDIT ServiFlow/models/db.py: 0
[2023-11-20 01:43:47] EDIT ServiFlow/models/db.py: 0
[2023-11-20 01:44:40] EDIT ServiFlow/models/db.py: 0
[2023-11-20 01:46:31] EDIT ServiFlow/models/db.py: 0
[2023-11-20 01:46:38] EDIT ServiFlow/models/db.py: 0
[2023-11-20 01:47:27] EDIT ServiFlow/models/db.py: 0
[2023-11-20 01:48:08] EDIT ServiFlow/models/db.py: 0
[2023-11-20 01:49:51] EDIT ServiFlow/models/db1.py: 0
[2023-11-20 01:51:36] EDIT ServiFlow/models/db.py: 0
[2023-11-20 01:54:05] EDIT ServiFlow/models/db.py: 0
[2023-11-20 01:56:16] EDIT ServiFlow/models/db1.py: 0
[2023-11-20 01:58:00] EDIT ServiFlow/controllers/acs_registro.py: 16
[2023-11-20 01:58:08] EDIT ServiFlow/controllers/acs_registro.py: 0
[2023-11-20 01:58:56] EDIT ServiFlow/controllers/acs_registro.py: 2
[2023-11-20 01:59:13] EDIT ServiFlow/controllers/acs_registro.py: 1
[2023-11-20 02:00:00] EDIT ServiFlow/views/acs_registro/index.html: 0
[2023-11-20 02:00:14] EDIT ServiFlow/views/acs_registro/index.html: 0
[2023-11-20 02:00:18] EDIT ServiFlow/views/acs_registro/index.html: 0
[2023-11-20 02:00:25] EDIT ServiFlow/views/acs_registro/index.html: 0
[2023-11-20 02:00:42] EDIT ServiFlow/views/acs_registro/index.html: 0
[2023-11-20 02:01:05] EDIT ServiFlow/views/acs_registro/index.html: 0
[2023-11-20 02:02:58] EDIT ServiFlow/controllers/acs_registro.py: 12
[2023-11-20 02:29:06] CREATE funcoes_dashboard.py: 0
[2023-11-20 02:30:51] EDIT ServiFlow/models/funcoes_dashboard.py: 8
[2023-11-20 02:31:10] EDIT ServiFlow/models/funcoes_dashboard.py: 0
[2023-11-20 02:31:47] EDIT ServiFlow/views/acs_empresa/index.html: 0
[2023-11-20 02:34:28] EDIT ServiFlow/models/funcoes_dashboard.py: 43
[2023-11-20 02:35:01] EDIT ServiFlow/views/acs_empresa/index.html: 0
[2023-11-20 02:35:54] EDIT ServiFlow/views/acs_registro/index.html: 2
[2023-11-20 02:36:14] EDIT ServiFlow/views/acs_registro/index.html: 0
[2023-11-20 02:36:24] EDIT ServiFlow/models/funcoes_dashboard.py: 0
[2023-11-20 02:36:44] EDIT ServiFlow/models/funcoes_dashboard.py: 0
[2023-11-20 02:37:12] EDIT ServiFlow/models/funcoes_dashboard.py: 0
[2023-11-20 02:37:29] EDIT ServiFlow/models/funcoes_dashboard.py: 0
[2023-11-20 02:37:36] EDIT ServiFlow/views/acs_empresa/index.html: 0
[2023-11-20 02:38:04] EDIT ServiFlow/views/acs_empresa/index.html: 0
[2023-11-20 02:38:09] EDIT ServiFlow/models/funcoes_dashboard.py: 0
[2023-11-20 02:38:14] EDIT ServiFlow/models/funcoes_dashboard.py: 0
[2023-11-20 02:38:23] EDIT ServiFlow/models/funcoes_dashboard.py: 0
[2023-11-20 02:38:49] EDIT ServiFlow/models/funcoes_dashboard.py: 1
[2023-11-20 02:39:13] EDIT ServiFlow/views/acs_empresa/index.html: 0
[2023-11-20 02:39:24] EDIT ServiFlow/views/acs_empresa/index.html: 0
[2023-11-20 02:39:33] EDIT ServiFlow/views/acs_empresa/index.html: 0
[2023-11-20 02:39:44] EDIT ServiFlow/models/funcoes_dashboard.py: 0
[2023-11-20 02:40:13] EDIT ServiFlow/models/funcoes_dashboard.py: -2
[2023-11-20 02:40:26] EDIT ServiFlow/models/funcoes_dashboard.py: 0
[2023-11-20 02:40:36] EDIT ServiFlow/models/funcoes_dashboard.py: -1
[2023-11-20 02:40:59] EDIT ServiFlow/models/funcoes_dashboard.py: 2
[2023-11-20 02:41:15] EDIT ServiFlow/views/acs_empresa/index.html: 0
[2023-11-20 02:41:21] EDIT ServiFlow/views/acs_empresa/index.html: 0
[2023-11-20 02:41:39] EDIT ServiFlow/models/funcoes_dashboard.py: 0
[2023-11-20 02:41:45] EDIT ServiFlow/models/funcoes_dashboard.py: 0
[2023-11-20 02:42:08] EDIT ServiFlow/models/funcoes_dashboard.py: -1
[2023-11-20 02:42:28] EDIT ServiFlow/models/funcoes_dashboard.py: 1
[2023-11-20 02:43:00] EDIT ServiFlow/views/acs_empresa/index.html: 0
[2023-11-20 02:44:02] EDIT ServiFlow/views/acs_empresa/index.html: 0
[2023-11-20 02:45:44] EDIT ServiFlow/controllers/acs_empresa.py: 1
[2023-11-20 02:45:54] EDIT ServiFlow/views/acs_empresa/index.html: 0
[2023-11-20 02:50:00] EDIT ServiFlow/models/funcoes_dashboard.py: 14
[2023-11-20 02:50:37] EDIT ServiFlow/views/acs_empresa/index.html: 0
[2023-11-20 02:52:01] EDIT ServiFlow/controllers/acs_registro.py: 1
[2023-11-20 02:54:35] EDIT ServiFlow/models/funcoes_dashboard.py: 0
[2023-11-20 02:56:19] EDIT ServiFlow/models/funcoes_dashboard.py: 2
[2023-11-20 02:56:38] EDIT ServiFlow/views/acs_empresa/index.html: 0
[2023-11-20 15:21:50] EDIT ServiFlow/views/acs_registro/index.html: 0
[2023-11-20 15:22:14] EDIT ServiFlow/views/acs_registro/index.html: 0
